<?xml version="1.0" encoding="UTF-8"?>
<testsuite name="JUnit Jupiter" tests="2" skipped="0" failures="0" errors="0" time="23.026" hostname="MB-PJ9CC297TH" timestamp="2025-12-24T00:08:58">
<properties>
[...]
</properties>
<testcase name="native build fails with cross-package access()" classname="com.acme.packageprivate.NativeIntegrationTest" time="6.852">
<system-out><![CDATA[
unique-id: [engine:junit-jupiter]/[class:com.acme.packageprivate.NativeIntegrationTest]/[method:native build fails with cross-package access()]
display-name: native build fails with cross-package access()
]]></system-out>
</testcase>
<testcase name="native build succeeds with same package access()" classname="com.acme.packageprivate.NativeIntegrationTest" time="16.163">
<system-out><![CDATA[
unique-id: [engine:junit-jupiter]/[class:com.acme.packageprivate.NativeIntegrationTest]/[method:native build succeeds with same package access()]
display-name: native build succeeds with same package access()
]]></system-out>
</testcase>
<system-out><![CDATA[
unique-id: [engine:junit-jupiter]
display-name: JUnit Jupiter
]]></system-out>
</testsuite>
